<?xml version="1.0" encoding="UTF-8"?>
<testng-results skipped="0" failed="0" total="1" passed="1">
  <reporter-output>
  </reporter-output>
  <suite name="Command line suite" duration-ms="329" started-at="2019-11-24T09:51:58Z" finished-at="2019-11-24T09:51:59Z">
    <groups>
    </groups>
    <test name="Command line test" duration-ms="329" started-at="2019-11-24T09:51:58Z" finished-at="2019-11-24T09:51:59Z">
      <class name="framework.Cucumbersampleproject.AppTest">
        <test-method status="PASS" signature="testApp()[pri:0, instance:testApp(framework.Cucumbersampleproject.AppTest)]" name="testApp" duration-ms="0" started-at="2019-11-24T15:21:59Z" finished-at="2019-11-24T15:21:59Z">
          <reporter-output>
          </reporter-output>
        </test-method> <!-- testApp -->
      </class> <!-- framework.Cucumbersampleproject.AppTest -->
    </test> <!-- Command line test -->
  </suite> <!-- Command line suite -->
</testng-results>
