<?xml version="1.0" encoding="UTF-8"?>
<testng-results skipped="0" failed="0" total="1" passed="1">
  <reporter-output>
  </reporter-output>
  <suite name="Command line suite" duration-ms="124992" started-at="2019-11-24T09:49:51Z" finished-at="2019-11-24T09:51:56Z">
    <groups>
      <group name="cucumber">
        <method signature="AbstractTestNGCucumberTests.feature(cucumber.api.testng.CucumberFeatureWrapper)[pri:0, instance:Testrunner.TestRunner@2ed94a8b]" name="feature" class="cucumber.api.testng.AbstractTestNGCucumberTests"/>
      </group> <!-- cucumber -->
    </groups>
    <test name="Command line test" duration-ms="124992" started-at="2019-11-24T09:49:51Z" finished-at="2019-11-24T09:51:56Z">
      <class name="Testrunner.TestRunner">
        <test-method status="PASS" signature="setUpClass()[pri:0, instance:Testrunner.TestRunner@2ed94a8b]" name="setUpClass" is-config="true" duration-ms="359" started-at="2019-11-24T15:19:51Z" finished-at="2019-11-24T15:19:51Z">
          <reporter-output>
          </reporter-output>
        </test-method> <!-- setUpClass -->
        <test-method status="PASS" signature="feature(cucumber.api.testng.CucumberFeatureWrapper)[pri:0, instance:Testrunner.TestRunner@2ed94a8b]" name="feature" duration-ms="124216" started-at="2019-11-24T15:19:51Z" description="Runs Cucumber Feature" data-provider="features" finished-at="2019-11-24T15:21:56Z">
          <params>
            <param index="0">
              <value>
                <![CDATA[Testing Demo]]>
              </value>
            </param>
          </params>
          <reporter-output>
          </reporter-output>
        </test-method> <!-- feature -->
        <test-method status="PASS" signature="tearDownClass()[pri:0, instance:Testrunner.TestRunner@2ed94a8b]" name="tearDownClass" is-config="true" duration-ms="303" started-at="2019-11-24T15:21:56Z" finished-at="2019-11-24T15:21:56Z">
          <reporter-output>
          </reporter-output>
        </test-method> <!-- tearDownClass -->
      </class> <!-- Testrunner.TestRunner -->
    </test> <!-- Command line test -->
  </suite> <!-- Command line suite -->
</testng-results>
